CRITICAL - 2026-04-09 13:30:07 --> CodeIgniter\View\Exceptions\ViewException: Invalid file: "home_page/experience.php"
[Method: GET, Route: experience]
in SYSTEMPATH\Exceptions\FrameworkException.php on line 39.
 1 SYSTEMPATH\View\View.php(228): CodeIgniter\Exceptions\FrameworkException::forInvalidFile('home_page/experience.php')
 2 SYSTEMPATH\Common.php(1250): CodeIgniter\View\View->render('home_page/experience', [], true)
 3 APPPATH\Controllers\Home.php(22): view('home_page/experience')
 4 SYSTEMPATH\CodeIgniter.php(951): App\Controllers\Home->experience()
 5 SYSTEMPATH\CodeIgniter.php(497): CodeIgniter\CodeIgniter->runController(Object(App\Controllers\Home))
 6 SYSTEMPATH\CodeIgniter.php(340): CodeIgniter\CodeIgniter->handleRequest(null, Object(Config\Cache), false)
 7 SYSTEMPATH\Boot.php(417): CodeIgniter\CodeIgniter->run()
 8 SYSTEMPATH\Boot.php(68): CodeIgniter\Boot::runCodeIgniter(Object(CodeIgniter\CodeIgniter))
 9 FCPATH\index.php(59): CodeIgniter\Boot::bootWeb(Object(Config\Paths))
CRITICAL - 2026-04-09 13:47:37 --> CodeIgniter\View\Exceptions\ViewException: Invalid file: "experience.php"
[Method: GET, Route: experience]
in SYSTEMPATH\Exceptions\FrameworkException.php on line 39.
 1 SYSTEMPATH\View\View.php(228): CodeIgniter\Exceptions\FrameworkException::forInvalidFile('experience.php')
 2 SYSTEMPATH\Common.php(1250): CodeIgniter\View\View->render('experience', [], true)
 3 APPPATH\Controllers\Home.php(21): view('experience')
 4 SYSTEMPATH\CodeIgniter.php(951): App\Controllers\Home->experience()
 5 SYSTEMPATH\CodeIgniter.php(497): CodeIgniter\CodeIgniter->runController(Object(App\Controllers\Home))
 6 SYSTEMPATH\CodeIgniter.php(340): CodeIgniter\CodeIgniter->handleRequest(null, Object(Config\Cache), false)
 7 SYSTEMPATH\Boot.php(417): CodeIgniter\CodeIgniter->run()
 8 SYSTEMPATH\Boot.php(68): CodeIgniter\Boot::runCodeIgniter(Object(CodeIgniter\CodeIgniter))
 9 FCPATH\index.php(59): CodeIgniter\Boot::bootWeb(Object(Config\Paths))
CRITICAL - 2026-04-09 13:48:13 --> CodeIgniter\View\Exceptions\ViewException: Invalid file: "experience.php"
[Method: GET, Route: experience]
in SYSTEMPATH\Exceptions\FrameworkException.php on line 39.
 1 SYSTEMPATH\View\View.php(228): CodeIgniter\Exceptions\FrameworkException::forInvalidFile('experience.php')
 2 SYSTEMPATH\Common.php(1250): CodeIgniter\View\View->render('experience', [], true)
 3 APPPATH\Controllers\Home.php(21): view('experience')
 4 SYSTEMPATH\CodeIgniter.php(951): App\Controllers\Home->experience()
 5 SYSTEMPATH\CodeIgniter.php(497): CodeIgniter\CodeIgniter->runController(Object(App\Controllers\Home))
 6 SYSTEMPATH\CodeIgniter.php(340): CodeIgniter\CodeIgniter->handleRequest(null, Object(Config\Cache), false)
 7 SYSTEMPATH\Boot.php(417): CodeIgniter\CodeIgniter->run()
 8 SYSTEMPATH\Boot.php(68): CodeIgniter\Boot::runCodeIgniter(Object(CodeIgniter\CodeIgniter))
 9 FCPATH\index.php(59): CodeIgniter\Boot::bootWeb(Object(Config\Paths))
CRITICAL - 2026-04-09 13:52:39 --> CodeIgniter\View\Exceptions\ViewException: Invalid file: "experience.php"
[Method: GET, Route: experience]
in SYSTEMPATH\Exceptions\FrameworkException.php on line 39.
 1 SYSTEMPATH\View\View.php(228): CodeIgniter\Exceptions\FrameworkException::forInvalidFile('experience.php')
 2 SYSTEMPATH\Common.php(1250): CodeIgniter\View\View->render('experience', [], true)
 3 APPPATH\Controllers\Home.php(21): view('experience')
 4 SYSTEMPATH\CodeIgniter.php(951): App\Controllers\Home->experience()
 5 SYSTEMPATH\CodeIgniter.php(497): CodeIgniter\CodeIgniter->runController(Object(App\Controllers\Home))
 6 SYSTEMPATH\CodeIgniter.php(340): CodeIgniter\CodeIgniter->handleRequest(null, Object(Config\Cache), false)
 7 SYSTEMPATH\Boot.php(417): CodeIgniter\CodeIgniter->run()
 8 SYSTEMPATH\Boot.php(68): CodeIgniter\Boot::runCodeIgniter(Object(CodeIgniter\CodeIgniter))
 9 FCPATH\index.php(59): CodeIgniter\Boot::bootWeb(Object(Config\Paths))
